[{"stream_name":"stdout","time":0.87856314,"data":"$ /usr/bin/python3 -m pip install --quiet torch-geometric pyyaml\n"}
,{"stream_name":"stdout","time":3.9403571939999997,"data":"     ęąęąęąęąęąęąęąęąęąęąęąęąęąęąęąęąęąęąęąęąęąęąęąęąęąęąęąęąęąęąęąęąęąęąęąęąęąęąęąęą 64.4/64.4 kB 3.1 MB/s eta 0:00:00\n"}
,{"stream_name":"stdout","time":4.090761008,"data":"   ęąęąęąęąęąęąęąęąęąęąęąęąęąęąęąęąęąęąęąęąęąęąęąęąęąęąęąęąęąęąęąęąęąęąęąęąęąęąęąęą 1.3/1.3 MB 35.0 MB/s eta 0:00:00\n"}
,{"stream_name":"stdout","time":7.181365166,"data":"$ git clone --depth 1 https://github.com/Bobksl/Predict-AI-Model-Runtime.git /kaggle/working/prj\n"}
,{"stream_name":"stderr","time":7.203983128,"data":"Cloning into '/kaggle/working/prj'...\n"}
,{"stream_name":"stderr","time":12.560899784,"data":"/usr/local/lib/python3.12/dist-packages/torch/cuda/__init__.py:435: UserWarning: \n"}
,{"stream_name":"stderr","time":12.560973064,"data":"    Found GPU0 Tesla P100-PCIE-16GB which is of cuda capability 6.0.\n"}
,{"stream_name":"stderr","time":12.560987562,"data":"    Minimum and Maximum cuda capability supported by this version of PyTorch is\n"}
,{"stream_name":"stderr","time":12.560992825,"data":"    (7.0) - (12.0)\n"}
,{"stream_name":"stderr","time":12.560997747,"data":"    \n"}
,{"stream_name":"stderr","time":12.561002466,"data":"  queued_call()\n"}
,{"stream_name":"stderr","time":12.561007205,"data":"/usr/local/lib/python3.12/dist-packages/torch/cuda/__init__.py:435: UserWarning: \n"}
,{"stream_name":"stderr","time":12.561012444,"data":"    Please install PyTorch with a following CUDA\n"}
,{"stream_name":"stderr","time":12.561017009,"data":"    configurations:  12.6 following instructions at\n"}
,{"stream_name":"stderr","time":12.561021365,"data":"    https://pytorch.org/get-started/locally/\n"}
,{"stream_name":"stderr","time":12.561026471,"data":"    \n"}
,{"stream_name":"stderr","time":12.561031422,"data":"  queued_call()\n"}
,{"stream_name":"stderr","time":12.561040372,"data":"/usr/local/lib/python3.12/dist-packages/torch/cuda/__init__.py:435: UserWarning: \n"}
,{"stream_name":"stderr","time":12.561045196,"data":"Tesla P100-PCIE-16GB with CUDA capability sm_60 is not compatible with the current PyTorch installation.\n"}
,{"stream_name":"stderr","time":12.561049759,"data":"The current PyTorch install supports CUDA capabilities sm_70 sm_75 sm_80 sm_86 sm_90 sm_100 sm_120.\n"}
,{"stream_name":"stderr","time":12.5610543,"data":"If you want to use the Tesla P100-PCIE-16GB GPU with PyTorch, please check the instructions at https://pytorch.org/get-started/locally/\n"}
,{"stream_name":"stderr","time":12.561058982,"data":"\n"}
,{"stream_name":"stderr","time":12.561064629,"data":"  queued_call()\n"}
,{"stream_name":"stdout","time":12.56274864,"data":"torch 2.10.0+cu128 cuda: True Tesla P100-PCIE-16GB\n"}
,{"stream_name":"stdout","time":12.562772278,"data":"$ /usr/bin/python3 scripts/make_config_shards.py --out_root /kaggle/working/config_shards\n"}
,{"stream_name":"stderr","time":32.595819804,"data":"Traceback (most recent call last):\n"}
,{"stream_name":"stderr","time":32.595860122,"data":"  File \"/kaggle/working/prj/scripts/make_config_shards.py\", line 120, in \u003cmodule\u003e\n"}
,{"stream_name":"stderr","time":32.59586514,"data":"    main()\n"}
,{"stream_name":"stderr","time":32.595868315,"data":"  File \"/kaggle/working/prj/scripts/make_config_shards.py\", line 96, in main\n"}
,{"stream_name":"stderr","time":32.595983482,"data":"    root = resolve_data_root(args.data_root)\n"}
,{"stream_name":"stderr","time":32.595994452,"data":"           ^^^^^^^^^^^^^^^^^^^^^^^^^^^^^^^^^\n"}
,{"stream_name":"stderr","time":32.595999923,"data":"  File \"/kaggle/working/prj/src/data/paths.py\", line 52, in resolve_data_root\n"}
,{"stream_name":"stderr","time":32.59610919,"data":"    raise FileNotFoundError(\n"}
,{"stream_name":"stderr","time":32.596116477,"data":"FileNotFoundError: Could not resolve a TPUGraphs data root. Tried: data/npz/tpugraphs, /kaggle/input/predict-ai-model-runtime/npz/tpugraphs, /kaggle/input/predict-ai-model-runtime/npz_all/npz, /kaggle/input/predict-ai-model-runtime/npz. Set TPUGRAPHS_DATA_ROOT or pass data_root explicitly.\n"}
,{"stream_name":"stderr","time":34.927524864,"data":"Traceback (most recent call last):\n"}
,{"stream_name":"stderr","time":34.927564245,"data":"  File \"/kaggle/src/script.py\", line 87, in \u003cmodule\u003e\n"}
,{"stream_name":"stderr","time":34.927609845,"data":"    main()\n"}
,{"stream_name":"stderr","time":34.927843291,"data":"  File \"/kaggle/src/script.py\", line 52, in main\n"}
,{"stream_name":"stderr","time":34.927859755,"data":"    sh(f\"{sys.executable} scripts/make_config_shards.py --out_root {SHARDS}\")\n"}
,{"stream_name":"stderr","time":34.927864147,"data":"  File \"/kaggle/src/script.py\", line 35, in sh\n"}
,{"stream_name":"stderr","time":34.927981213,"data":"    subprocess.run(cmd, shell=True, check=True, **kw)\n"}
,{"stream_name":"stderr","time":34.928040906,"data":"  File \"/usr/lib/python3.12/subprocess.py\", line 571, in run\n"}
,{"stream_name":"stderr","time":34.929607159,"data":"    raise CalledProcessError(retcode, process.args,\n"}
,{"stream_name":"stderr","time":34.929624297,"data":"subprocess.CalledProcessError: Command '/usr/bin/python3 scripts/make_config_shards.py --out_root /kaggle/working/config_shards' returned non-zero exit status 1.\n"}
,{"stream_name":"stderr","time":37.367569002,"data":"/usr/local/lib/python3.12/dist-packages/mistune.py:435: SyntaxWarning: invalid escape sequence '\\|'\n"}
,{"stream_name":"stderr","time":37.367627112,"data":"  cells[i][c] = re.sub('\\\\\\\\\\|', '|', cell)\n"}
,{"stream_name":"stderr","time":37.591751673,"data":"/usr/local/lib/python3.12/dist-packages/nbconvert/filters/filter_links.py:36: SyntaxWarning: invalid escape sequence '\\_'\n"}
,{"stream_name":"stderr","time":37.591783931,"data":"  text = re.sub(r'_', '\\_', text) # Escape underscores in display text\n"}
,{"stream_name":"stderr","time":38.281830815,"data":"[NbConvertApp] Converting notebook __script__.ipynb to html\n"}
,{"stream_name":"stderr","time":39.524007119,"data":"[NbConvertApp] Writing 287698 bytes to __results__.html\n"}
]